\BOOKMARK [0][-]{chapter.1}{\376\377\000H\000i\000s\000t\000o\000r\000i\000c\000a\000l\000\040\000D\000e\000v\000e\000l\000o\000p\000m\000e\000n\000t\000\040\000o\000f\000\040\000C\000a\000t\000e\000g\000o\000r\000i\000c\000a\000l\000\040\000M\000o\000d\000u\000l\000a\000r\000i\000t\000y}{}% 1
\BOOKMARK [1][-]{section.1.1}{\376\377\000P\000r\000e\000-\000C\000a\000r\000t\000e\000s\000i\000a\000n\000\040\000S\000y\000n\000t\000h\000e\000s\000i\000s}{chapter.1}% 2
\BOOKMARK [2][-]{subsection.1.1.1}{\376\377\000G\000e\000o\000m\000e\000t\000r\000i\000c\000\040\000M\000o\000t\000i\000v\000a\000t\000i\000o\000n\000s}{section.1.1}% 3
\BOOKMARK [2][-]{subsection.1.1.2}{\376\377\000T\000h\000e\000\040\000B\000i\000r\000t\000h\000\040\000o\000f\000\040\000T\000o\000p\000o\000l\000o\000g\000y}{section.1.1}% 4
\BOOKMARK [0][-]{chapter.2}{\376\377\000C\000a\000t\000e\000g\000o\000r\000y\000\040\000T\000h\000e\000o\000r\000y\000\040\000F\000o\000u\000n\000d\000a\000t\000i\000o\000n\000s}{}% 5
\BOOKMARK [1][-]{section.2.1}{\376\377\000C\000a\000t\000e\000g\000o\000r\000i\000e\000s}{chapter.2}% 6
\BOOKMARK [2][-]{subsection.2.1.1}{\376\377\000T\000h\000e\000\040\000P\000h\000i\000l\000o\000s\000o\000p\000h\000y\000\040\000o\000f\000\040\000C\000a\000t\000e\000g\000o\000r\000i\000c\000a\000l\000\040\000T\000h\000i\000n\000k\000i\000n\000g}{section.2.1}% 7
\BOOKMARK [2][-]{subsection.2.1.2}{\376\377\000D\000e\000t\000a\000i\000l\000e\000d\000\040\000E\000x\000a\000m\000p\000l\000e\000s}{section.2.1}% 8
\BOOKMARK [1][-]{section.2.2}{\376\377\000F\000u\000n\000c\000t\000o\000r\000s}{chapter.2}% 9
\BOOKMARK [2][-]{subsection.2.2.1}{\376\377\000F\000u\000n\000c\000t\000o\000r\000s\000\040\000a\000s\000\040\000S\000t\000r\000u\000c\000t\000u\000r\000e\000-\000P\000r\000e\000s\000e\000r\000v\000i\000n\000g\000\040\000M\000a\000p\000s}{section.2.2}% 10
\BOOKMARK [1][-]{section.2.3}{\376\377\000N\000a\000t\000u\000r\000a\000l\000\040\000T\000r\000a\000n\000s\000f\000o\000r\000m\000a\000t\000i\000o\000n\000s}{chapter.2}% 11
\BOOKMARK [2][-]{subsection.2.3.1}{\376\377\000N\000a\000t\000u\000r\000a\000l\000i\000t\000y\000\040\000S\000q\000u\000a\000r\000e\000s\000:\000\040\000T\000h\000e\000\040\000E\000s\000s\000e\000n\000c\000e\000\040\000o\000f\000\040\000U\000n\000i\000f\000o\000r\000m\000i\000t\000y}{section.2.3}% 12
\BOOKMARK [0][-]{chapter.3}{\376\377\000S\000h\000e\000a\000f\000\040\000T\000h\000e\000o\000r\000y\000\040\000F\000u\000n\000d\000a\000m\000e\000n\000t\000a\000l\000s}{}% 13
\BOOKMARK [1][-]{section.3.1}{\376\377\000T\000h\000e\000\040\000P\000l\000u\000s\000\040\000C\000o\000n\000s\000t\000r\000u\000c\000t\000i\000o\000n}{chapter.3}% 14
\BOOKMARK [0][-]{chapter.4}{\376\377\000P\000o\000l\000y\000g\000l\000o\000t\000\040\000S\000h\000e\000a\000f\000\040\000C\000o\000n\000s\000t\000r\000u\000c\000t\000i\000o\000n}{}% 15
\BOOKMARK [1][-]{section.4.1}{\376\377\000A\000u\000t\000o\000m\000a\000t\000e\000d\000\040\000S\000h\000e\000a\000f\000\040\000V\000e\000r\000i\000f\000i\000c\000a\000t\000i\000o\000n\000\040\000v\000i\000a\000\040\000C\000I\000/\000C\000D}{chapter.4}% 16
\BOOKMARK [0][-]{chapter.5}{\376\377\001\014\000e\000c\000h\000\040\000C\000o\000h\000o\000m\000o\000l\000o\000g\000y}{}% 17
\BOOKMARK [1][-]{section.5.1}{\376\377\000T\000h\000e\000\040\001\014\000e\000c\000h\000-\000t\000o\000-\000D\000e\000r\000i\000v\000e\000d\000\040\000S\000p\000e\000c\000t\000r\000a\000l\000\040\000S\000e\000q\000u\000e\000n\000c\000e}{chapter.5}% 18
\BOOKMARK [0][-]{chapter.6}{\376\377\000H\000e\000r\000m\000e\000n\000e\000u\000t\000i\000c\000\040\000D\000y\000n\000a\000m\000i\000c\000s}{}% 19
\BOOKMARK [1][-]{section.6.1}{\376\377\000S\000p\000e\000c\000t\000r\000a\000l\000\040\000T\000h\000e\000o\000r\000y\000\040\000o\000f\000\040\000H}{chapter.6}% 20
\BOOKMARK [0][-]{chapter.7}{\376\377\000D\000e\000t\000a\000i\000l\000e\000d\000\040\000C\000a\000s\000e\000\040\000S\000t\000u\000d\000i\000e\000s}{}% 21
\BOOKMARK [1][-]{section.7.1}{\376\377\000C\000a\000s\000e\000\040\000S\000t\000u\000d\000y\000\040\0001\000:\000\040\000L\000i\000n\000u\000x\000\040\000K\000e\000r\000n\000e\000l\000\040\000a\000s\000\040\000P\000o\000l\000y\000g\000l\000o\000t\000\040\000S\000h\000e\000a\000f}{chapter.7}% 22
\BOOKMARK [2][-]{subsection.7.1.1}{\376\377\000R\000e\000p\000o\000s\000i\000t\000o\000r\000y\000\040\000S\000t\000r\000u\000c\000t\000u\000r\000e}{section.7.1}% 23
\BOOKMARK [2][-]{subsection.7.1.2}{\376\377\000C\000o\000v\000e\000r\000i\000n\000g\000\040\000S\000t\000r\000u\000c\000t\000u\000r\000e}{section.7.1}% 24
\BOOKMARK [2][-]{subsection.7.1.3}{\376\377\000S\000h\000e\000a\000f\000\040\000D\000a\000t\000a}{section.7.1}% 25
\BOOKMARK [2][-]{subsection.7.1.4}{\376\377\000G\000l\000u\000i\000n\000g\000\040\000V\000e\000r\000i\000f\000i\000c\000a\000t\000i\000o\000n}{section.7.1}% 26
\BOOKMARK [0][-]{chapter.8}{\376\377\000M\000o\000n\000o\000i\000d\000a\000l\000\040\000S\000t\000r\000u\000c\000t\000u\000r\000e\000\040\000o\000f\000\040\000P\000o\000l\000y\000g\000l\000o\000t\000\040\000S\000h\000e\000a\000v\000e\000s}{}% 27
\BOOKMARK [0][-]{chapter.9}{\376\377\000N\000o\000n\000-\000A\000b\000e\000l\000i\000a\000n\000\040\000C\000o\000h\000o\000m\000o\000l\000o\000g\000y\000\040\000a\000n\000d\000\040\000G\000e\000r\000b\000e\000s}{}% 28
\BOOKMARK [0][-]{appendix.A}{\376\377\000C\000a\000t\000e\000g\000o\000r\000y\000\040\000T\000h\000e\000o\000r\000y\000\040\000R\000e\000f\000e\000r\000e\000n\000c\000e}{}% 29
\BOOKMARK [0][-]{appendix.B}{\376\377\000H\000o\000m\000o\000l\000o\000g\000i\000c\000a\000l\000\040\000A\000l\000g\000e\000b\000r\000a\000\040\000P\000r\000i\000m\000e\000r}{}% 30
\BOOKMARK [0][-]{appendix.C}{\376\377\000P\000r\000o\000o\000f\000\040\000A\000s\000s\000i\000s\000t\000a\000n\000t\000\040\000F\000o\000r\000m\000a\000l\000i\000z\000a\000t\000i\000o\000n}{}% 31
