This is LuaHBTeX, Version 1.22.0 (TeX Live 2025)  (format=lualatex 2025.9.22)  30 OCT 2025 20:43
 restricted system commands enabled.
**principia_ratio_entropica_vol4.tex
(./principia_ratio_entropica_vol4.tex
LaTeX2e <2025-06-01> patch level 1
L3 programming layer <2025-09-02>
Lua module: luaotfload 2024-12-03 v3.29 Lua based OpenType font support
Lua module: lualibs 2023-07-13 v2.76 ConTeXt Lua standard libraries.
Lua module: lualibs-extended 2023-07-13 v2.76 ConTeXt Lua libraries -- extended 
collection.
luaotfload | conf : Root cache directory is "/home/bonobo/.texlive2025/texmf-var
/luatex-cache/generic/names".
luaotfload | init : Loading fontloader "fontloader-2023-12-28.lua" from kpse-res
olved path "/usr/local/texlive/2025/texmf-dist/tex/luatex/luaotfload/fontloader-
2023-12-28.lua".
Lua-only attribute luaotfload@noligature = 1
luaotfload | init : Context OpenType loader version 3.134
Inserting `luaotfload.node_processor' in `pre_linebreak_filter'.
Inserting `luaotfload.node_processor' in `hpack_filter'.
Inserting `luaotfload.glyph_stream' in `glyph_stream_provider'.
Inserting `luaotfload.define_font' in `define_font'.
Lua-only attribute luaotfload_color_attribute = 2
luaotfload | conf : Root cache directory is "/home/bonobo/.texlive2025/texmf-var
/luatex-cache/generic/names".
Inserting `luaotfload.harf.strip_prefix' in `find_opentype_file'.
Inserting `luaotfload.harf.strip_prefix' in `find_truetype_file'.
Removing  `luaotfload.glyph_stream' from `glyph_stream_provider'.
Inserting `luaotfload.harf.glyphstream' in `glyph_stream_provider'.
Inserting `luaotfload.harf.finalize_vlist' in `post_linebreak_filter'.
Inserting `luaotfload.harf.finalize_hlist' in `hpack_filter'.
Inserting `luaotfload.cleanup_files' in `wrapup_run'.
Inserting `luaotfload.harf.finalize_unicode' in `finish_pdffile'.
Inserting `luaotfload.glyphinfo' in `glyph_info'.
Lua-only attribute luaotfload.letterspace_done = 3
Inserting `luaotfload.aux.set_sscale_dimens' in `luaotfload.patch_font'.
Inserting `luaotfload.aux.set_font_index' in `luaotfload.patch_font'.
Inserting `luaotfload.aux.patch_cambria_domh' in `luaotfload.patch_font'.
Inserting `luaotfload.aux.fixup_fontdata' in `luaotfload.patch_font_unsafe'.
Inserting `luaotfload.aux.set_capheight' in `luaotfload.patch_font'.
Inserting `luaotfload.aux.set_xheight' in `luaotfload.patch_font'.
Inserting `luaotfload.rewrite_fontname' in `luaotfload.patch_font'.
Inserting `tracingstacklevels' in `input_level_string'. (/usr/local/texlive/202
5/texmf-dist/tex/latex/base/article.cls
Document Class: article 2025/01/22 v1.4n Standard LaTeX document class
(/usr/local/texlive/2025/texmf-dist/tex/latex/base/size12.clo
File: size12.clo 2025/01/22 v1.4n Standard LaTeX file (size option)
luaotfload | db : Font names database loaded from /home/bonobo/.texlive2025/texm
f-var/luatex-cache/generic/names/luaotfload-names.luc.gz)
\c@part=\count273
\c@section=\count274
\c@subsection=\count275
\c@subsubsection=\count276
\c@paragraph=\count277
\c@subparagraph=\count278
\c@figure=\count279
\c@table=\count280
\abovecaptionskip=\skip49
\belowcaptionskip=\skip50
\bibindent=\dimen147
)
(/usr/local/texlive/2025/texmf-dist/tex/latex/geometry/geometry.sty
Package: geometry 2020/01/02 v5.9 Page Geometry

(/usr/local/texlive/2025/texmf-dist/tex/latex/graphics/keyval.sty
Package: keyval 2022/05/29 v1.15 key=value parser (DPC)
\KV@toks@=\toks17
)
(/usr/local/texlive/2025/texmf-dist/tex/generic/iftex/ifvtex.sty
Package: ifvtex 2019/10/25 v1.7 ifvtex legacy package. Use iftex instead.

(/usr/local/texlive/2025/texmf-dist/tex/generic/iftex/iftex.sty
Package: iftex 2024/12/12 v1.0g TeX engine tests
))
\Gm@cnth=\count281
\Gm@cntv=\count282
\c@Gm@tempcnt=\count283
\Gm@bindingoffset=\dimen148
\Gm@wd@mp=\dimen149
\Gm@odd@mp=\dimen150
\Gm@even@mp=\dimen151
\Gm@layoutwidth=\dimen152
\Gm@layoutheight=\dimen153
\Gm@layouthoffset=\dimen154
\Gm@layoutvoffset=\dimen155
\Gm@dimlist=\toks18
)
(/usr/local/texlive/2025/texmf-dist/tex/latex/fontspec/fontspec.sty
(/usr/local/texlive/2025/texmf-dist/tex/latex/l3packages/xparse/xparse.sty
(/usr/local/texlive/2025/texmf-dist/tex/latex/l3kernel/expl3.sty
Package: expl3 2025-09-02 L3 programming layer (loader) 

(/usr/local/texlive/2025/texmf-dist/tex/latex/l3backend/l3backend-luatex.def
File: l3backend-luatex.def 2025-06-09 L3 backend support: PDF output (LuaTeX)
\l__color_backend_stack_int=\count284
Inserting `l3color' in `luaotfload.parse_color'.))
Package: xparse 2024-08-16 L3 Experimental document command parser
)
Package: fontspec 2024/05/11 v2.9e Font selection for XeLaTeX and LuaLaTeX
Lua module: fontspec 2024/05/11 v2.9e Font selection for XeLaTeX and LuaLaTeX (/usr/local/texlive/2025/texmf-dist/tex/latex/fontspec/fontspec-luatex.sty
Package: fontspec-luatex 2024/05/11 v2.9e Font selection for XeLaTeX and LuaLaT
eX
\l__fontspec_script_int=\count285
\l__fontspec_language_int=\count286
\l__fontspec_strnum_int=\count287
\l__fontspec_tmp_int=\count288
\l__fontspec_tmpa_int=\count289
\l__fontspec_tmpb_int=\count290
\l__fontspec_tmpc_int=\count291
\l__fontspec_em_int=\count292
\l__fontspec_emdef_int=\count293
\l__fontspec_strong_int=\count294
\l__fontspec_strongdef_int=\count295
\l__fontspec_tmpa_dim=\dimen156
\l__fontspec_tmpb_dim=\dimen157
\l__fontspec_tmpc_dim=\dimen158

(/usr/local/texlive/2025/texmf-dist/tex/latex/base/fontenc.sty
Package: fontenc 2024/12/21 v2.1c Standard LaTeX package
)
(/usr/local/texlive/2025/texmf-dist/tex/latex/fontspec/fontspec.cfg)))
luaotfload | cache : Lookup cache loaded from /home/bonobo/.texlive2025/texmf-va
r/luatex-cache/generic/names/luaotfload-lookup-cache.luc.

Package fontspec Info: 
(fontspec)             Font family 'EBGaramond(0)' created for font 'EB
(fontspec)             Garamond' with options
(fontspec)             [Ligatures=TeX,Ligatures=Historic,Numbers=OldStyle,RawFe
ature={+liga;+hlig;+dlig}].
(fontspec)              
(fontspec)              This font family consists of the following NFSS
(fontspec)             series/shapes:
(fontspec)              
(fontspec)             - 'normal' (m/n) with NFSS spec.: <->"name:EB
(fontspec)             Garamond:mode=node;script=latn;language=dflt;+tlig;+hlig
;+onum;+liga;+hlig;+dlig;"
(fontspec)             - 'small caps'  (m/sc) with NFSS spec.: <->"name:EB
(fontspec)             Garamond:mode=node;script=latn;language=dflt;+tlig;+hlig
;+onum;+liga;+hlig;+dlig;+smcp;"
(fontspec)             - 'bold' (b/n) with NFSS spec.: <->"name:EB
(fontspec)             Garamond/B:mode=node;script=latn;language=dflt;+tlig;+hl
ig;+onum;+liga;+hlig;+dlig;"
(fontspec)             - 'bold small caps'  (b/sc) with NFSS spec.:
(fontspec)             <->"name:EB
(fontspec)             Garamond/B:mode=node;script=latn;language=dflt;+tlig;+hl
ig;+onum;+liga;+hlig;+dlig;+smcp;"
(fontspec)             - 'italic' (m/it) with NFSS spec.: <->"name:EB
(fontspec)             Garamond/I:mode=node;script=latn;language=dflt;+tlig;+hl
ig;+onum;+liga;+hlig;+dlig;"
(fontspec)             - 'italic small caps'  (m/scit) with NFSS spec.:
(fontspec)             <->"name:EB
(fontspec)             Garamond/I:mode=node;script=latn;language=dflt;+tlig;+hl
ig;+onum;+liga;+hlig;+dlig;+smcp;"
(fontspec)             - 'bold italic' (b/it) with NFSS spec.: <->"name:EB
(fontspec)             Garamond/BI:mode=node;script=latn;language=dflt;+tlig;+h
lig;+onum;+liga;+hlig;+dlig;"
(fontspec)             - 'bold italic small caps'  (b/scit) with NFSS spec.:
(fontspec)             <->"name:EB
(fontspec)             Garamond/BI:mode=node;script=latn;language=dflt;+tlig;+h
lig;+onum;+liga;+hlig;+dlig;+smcp;"


Package fontspec Info: 
(fontspec)             Symbola scale = 1.1.


Package fontspec Info: 
(fontspec)             Could not resolve font "Symbola/BI" (it probably
(fontspec)             doesn't exist).


Package fontspec Info: 
(fontspec)             Could not resolve font "Symbola/B" (it probably doesn't
(fontspec)             exist).


Package fontspec Info: 
(fontspec)             Could not resolve font "Symbola/I" (it probably doesn't
(fontspec)             exist).


Package fontspec Info: 
(fontspec)             Symbola scale = 1.1.


Package fontspec Info: 
(fontspec)             Symbola scale = 1.1.


Package fontspec Info: 
(fontspec)             Font family 'Symbola(0)' created for font 'Symbola'
(fontspec)             with options [Scale=1.1].
(fontspec)              
(fontspec)              This font family consists of the following NFSS
(fontspec)             series/shapes:
(fontspec)              
(fontspec)             - 'normal' (m/n) with NFSS spec.:
(fontspec)             <->s*[1.1]"name:Symbola:mode=node;script=latn;language=d
flt;"
(fontspec)             - 'small caps'  (m/sc) with NFSS spec.:
(fontspec)             <->s*[1.1]"name:Symbola:mode=node;script=latn;language=d
flt;+smcp;"


(/usr/local/texlive/2025/texmf-dist/tex/latex/microtype/microtype.sty
Package: microtype 2025/07/09 v3.2b Micro-typographical refinements (RS)

(/usr/local/texlive/2025/texmf-dist/tex/latex/etoolbox/etoolbox.sty
Package: etoolbox 2025/02/11 v2.5l e-TeX tools for LaTeX (JAW)
\etb@tempcnta=\count296
)
\MT@toks=\toks19
\MT@tempbox=\box53
\MT@count=\count297
LaTeX Info: Redefining \noprotrusionifhmode on input line 1087.
LaTeX Info: Redefining \leftprotrusion on input line 1088.
\MT@prot@toks=\toks20
LaTeX Info: Redefining \rightprotrusion on input line 1107.
LaTeX Info: Redefining \textls on input line 1449.
\MT@outer@kern=\dimen159
LaTeX Info: Redefining \microtypecontext on input line 2053.
LaTeX Info: Redefining \textmicrotypecontext on input line 2070.
\MT@listname@count=\count298

(/usr/local/texlive/2025/texmf-dist/tex/latex/microtype/microtype-luatex.def
File: microtype-luatex.def 2025/07/09 v3.2b Definitions specific to luatex (RS)

Lua module: microtype 2025/07/09 v3.2b microtype module.
Module microtype Info: overwriting function `keepligature' on input line 63
LaTeX Info: Redefining \lsstyle on input line 779.
LaTeX Info: Redefining \lslig on input line 779.
\MT@outer@space=\skip51
)
Package microtype Info: Loading configuration file microtype.cfg.

(/usr/local/texlive/2025/texmf-dist/tex/latex/microtype/microtype.cfg
File: microtype.cfg 2025/07/09 v3.2b microtype main configuration file (RS)
)
LaTeX Info: Redefining \microtypesetup on input line 3065.
)
(/usr/local/texlive/2025/texmf-dist/tex/latex/setspace/setspace.sty
Package: setspace 2022/12/04 v6.7b set line spacing
)
(/usr/local/texlive/2025/texmf-dist/tex/latex/ragged2e/ragged2e.sty
Package: ragged2e 2023/06/22 v3.6 ragged2e Package
\CenteringLeftskip=\skip52
\RaggedLeftLeftskip=\skip53
\RaggedRightLeftskip=\skip54
\CenteringRightskip=\skip55
\RaggedLeftRightskip=\skip56
\RaggedRightRightskip=\skip57
\CenteringParfillskip=\skip58
\RaggedLeftParfillskip=\skip59
\RaggedRightParfillskip=\skip60
\JustifyingParfillskip=\skip61
\CenteringParindent=\skip62
\RaggedLeftParindent=\skip63
\RaggedRightParindent=\skip64
\JustifyingParindent=\skip65
)
(/usr/local/texlive/2025/texmf-dist/tex/latex/parskip/parskip.sty
Package: parskip 2021-03-14 v2.0h non-zero parskip adjustments

(/usr/local/texlive/2025/texmf-dist/tex/latex/kvoptions/kvoptions.sty
Package: kvoptions 2022-06-15 v3.15 Key value format for package options (HO)

(/usr/local/texlive/2025/texmf-dist/tex/generic/ltxcmds/ltxcmds.sty
Package: ltxcmds 2023-12-04 v1.26 LaTeX kernel commands for general use (HO)
)
(/usr/local/texlive/2025/texmf-dist/tex/latex/kvsetkeys/kvsetkeys.sty
Package: kvsetkeys 2022-10-05 v1.19 Key value parser (HO)
)))
(/usr/local/texlive/2025/texmf-dist/tex/latex/titlesec/titlesec.sty
Package: titlesec 2025/01/04 v2.17 Sectioning titles
\ttl@box=\box54
\beforetitleunit=\skip66
\aftertitleunit=\skip67
\ttl@plus=\dimen160
\ttl@minus=\dimen161
\ttl@toksa=\toks21
\titlewidth=\dimen162
\titlewidthlast=\dimen163
\titlewidthfirst=\dimen164
)
(/usr/local/texlive/2025/texmf-dist/tex/latex/enumitem/enumitem.sty
Package: enumitem 2025/02/06 v3.11 Customized lists
\labelindent=\skip68
\enit@outerparindent=\dimen165
\enit@toks=\toks22
\enit@inbox=\box55
\enit@count@id=\count299
\enitdp@description=\count300
)
(/usr/local/texlive/2025/texmf-dist/tex/latex/polyglossia/polyglossia.sty
Package: polyglossia 2025/09/11 v2.7 Modern multilingual typesetting with XeLaT
eX and LuaLaTeX
Lua module: polyglossia 2013/05/11 v1.3 Polyglossia
\l_xpg_alias_keyvals_int=\count301

(/usr/local/texlive/2025/texmf-dist/tex/latex/polyglossia/gloss-latex.ldf
File: gloss-latex.ldf polyglossia: module for default language
)

Package polyglossia Info: Setting LuaTeX font renderer to Harfbuzz

)
(/usr/local/texlive/2025/texmf-dist/tex/latex/polyglossia/gloss-latin.ldf
File: gloss-latin.ldf polyglossia: module for Latin
Module polyglossia Info: Language data for latin
(polyglossia)            hyphenation	
(polyglossia)            lefthyphenmin	2
(polyglossia)            loader	loadhyph-la.tex
(polyglossia)            patterns	hyph-la.pat.txt
(polyglossia)            righthyphenmin	2
(polyglossia)            synonyms	 on input line 15
Module polyglossia Info: Language latin was not yet loaded; created with id 2 on
 input line 15
Lua-only attribute polyglossia_punct = 4
Inserting `polyglossia-punct.process' in `pre_shaping_filter'.

Package polyglossia Info: Activating Latin language variant "modern" on line
(polyglossia)             587.


Package polyglossia Info: Activating hyphenation patterns for modern Latin on
(polyglossia)             line 587.


(/usr/local/texlive/2025/texmf-dist/tex/latex/polyglossia/babelsh.def
File: babelsh.def 2022/06/21 Babel common definitions for shorthands
 Taken verbatim from babel files (2022/06/06 v3.76)
)
Package babel Info: Making " an active character on input line 594.
Package babel Info: Making ' an active character on input line 595.
Package babel Info: Making ^ an active character on input line 596.
Package babel Info: Making = an active character on input line 597.
)

Package polyglossia Info: Default language is latin


(/usr/local/texlive/2025/texmf-dist/tex/latex/pgf/frontendlayer/tikz.sty
(/usr/local/texlive/2025/texmf-dist/tex/latex/pgf/basiclayer/pgf.sty
(/usr/local/texlive/2025/texmf-dist/tex/latex/pgf/utilities/pgfrcs.sty
(/usr/local/texlive/2025/texmf-dist/tex/generic/pgf/utilities/pgfutil-common.te
x
\pgfutil@everybye=\toks23
\pgfutil@tempdima=\dimen166
\pgfutil@tempdimb=\dimen167
)
(/usr/local/texlive/2025/texmf-dist/tex/generic/pgf/utilities/pgfutil-latex.def
\pgfutil@abb=\box56
) (/usr/local/texlive/2025/texmf-dist/tex/generic/pgf/utilities/pgfrcs.code.tex
(/usr/local/texlive/2025/texmf-dist/tex/generic/pgf/pgf.revision.tex)
Package: pgfrcs 2025-08-29 v3.1.11a (3.1.11a)
))
Package: pgf 2025-08-29 v3.1.11a (3.1.11a)

(/usr/local/texlive/2025/texmf-dist/tex/latex/pgf/basiclayer/pgfcore.sty
(/usr/local/texlive/2025/texmf-dist/tex/latex/graphics/graphicx.sty
Package: graphicx 2024/12/31 v1.2e Enhanced LaTeX Graphics (DPC,SPQR)

(/usr/local/texlive/2025/texmf-dist/tex/latex/graphics/graphics.sty
Package: graphics 2024/08/06 v1.4g Standard LaTeX Graphics (DPC,SPQR)

(/usr/local/texlive/2025/texmf-dist/tex/latex/graphics/trig.sty
Package: trig 2023/12/02 v1.11 sin cos tan (DPC)
)
(/usr/local/texlive/2025/texmf-dist/tex/latex/graphics-cfg/graphics.cfg
File: graphics.cfg 2016/06/04 v1.11 sample graphics configuration
)
Package graphics Info: Driver file: luatex.def on input line 106.

(/usr/local/texlive/2025/texmf-dist/tex/latex/graphics-def/luatex.def
File: luatex.def 2024/04/13 v1.2e Graphics/color driver for luatex
))
\Gin@req@height=\dimen168
\Gin@req@width=\dimen169
)
(/usr/local/texlive/2025/texmf-dist/tex/latex/pgf/systemlayer/pgfsys.sty
(/usr/local/texlive/2025/texmf-dist/tex/generic/pgf/systemlayer/pgfsys.code.tex
Package: pgfsys 2025-08-29 v3.1.11a (3.1.11a)
(/usr/local/texlive/2025/texmf-dist/tex/generic/pgf/utilities/pgfkeys.code.tex
\pgfkeys@pathtoks=\toks24
\pgfkeys@temptoks=\toks25

(/usr/local/texlive/2025/texmf-dist/tex/generic/pgf/utilities/pgfkeyslibraryfil
tered.code.tex
\pgfkeys@tmptoks=\toks26
))
\pgf@x=\dimen170
\pgf@y=\dimen171
\pgf@xa=\dimen172
\pgf@ya=\dimen173
\pgf@xb=\dimen174
\pgf@yb=\dimen175
\pgf@xc=\dimen176
\pgf@yc=\dimen177
\pgf@xd=\dimen178
\pgf@yd=\dimen179
\w@pgf@writea=\write3
\r@pgf@reada=\read2
\c@pgf@counta=\count302
\c@pgf@countb=\count303
\c@pgf@countc=\count304
\c@pgf@countd=\count305
\t@pgf@toka=\toks27
\t@pgf@tokb=\toks28
\t@pgf@tokc=\toks29
\pgf@sys@id@count=\count306

(/usr/local/texlive/2025/texmf-dist/tex/generic/pgf/systemlayer/pgf.cfg
File: pgf.cfg 2025-08-29 v3.1.11a (3.1.11a)
)
Driver file for pgf: pgfsys-luatex.def

(/usr/local/texlive/2025/texmf-dist/tex/generic/pgf/systemlayer/pgfsys-luatex.d
ef
File: pgfsys-luatex.def 2025-08-29 v3.1.11a (3.1.11a)

(/usr/local/texlive/2025/texmf-dist/tex/generic/pgf/systemlayer/pgfsys-common-p
df.def
File: pgfsys-common-pdf.def 2025-08-29 v3.1.11a (3.1.11a)
)))
(/usr/local/texlive/2025/texmf-dist/tex/generic/pgf/systemlayer/pgfsyssoftpath.
code.tex
File: pgfsyssoftpath.code.tex 2025-08-29 v3.1.11a (3.1.11a)
\pgfsyssoftpath@smallbuffer@items=\count307
\pgfsyssoftpath@bigbuffer@items=\count308
)
(/usr/local/texlive/2025/texmf-dist/tex/generic/pgf/systemlayer/pgfsysprotocol.
code.tex
File: pgfsysprotocol.code.tex 2025-08-29 v3.1.11a (3.1.11a)
)) (/usr/local/texlive/2025/texmf-dist/tex/latex/xcolor/xcolor.sty
Package: xcolor 2024/09/29 v3.02 LaTeX color extensions (UK)

(/usr/local/texlive/2025/texmf-dist/tex/latex/graphics-cfg/color.cfg
File: color.cfg 2016/01/02 v1.6 sample color configuration
)
Package xcolor Info: Driver file: luatex.def on input line 274.

(/usr/local/texlive/2025/texmf-dist/tex/latex/graphics/mathcolor.ltx)
Package xcolor Info: Model `cmy' substituted by `cmy0' on input line 1349.
Package xcolor Info: Model `hsb' substituted by `rgb' on input line 1353.
Package xcolor Info: Model `RGB' extended on input line 1365.
Package xcolor Info: Model `HTML' substituted by `rgb' on input line 1367.
Package xcolor Info: Model `Hsb' substituted by `hsb' on input line 1368.
Package xcolor Info: Model `tHsb' substituted by `hsb' on input line 1369.
Package xcolor Info: Model `HSB' substituted by `hsb' on input line 1370.
Package xcolor Info: Model `Gray' substituted by `gray' on input line 1371.
Package xcolor Info: Model `wave' substituted by `hsb' on input line 1372.
)
(/usr/local/texlive/2025/texmf-dist/tex/generic/pgf/basiclayer/pgfcore.code.tex
Package: pgfcore 2025-08-29 v3.1.11a (3.1.11a)
(/usr/local/texlive/2025/texmf-dist/tex/generic/pgf/math/pgfmath.code.tex
(/usr/local/texlive/2025/texmf-dist/tex/generic/pgf/math/pgfmathutil.code.tex)
(/usr/local/texlive/2025/texmf-dist/tex/generic/pgf/math/pgfmathparser.code.tex
\pgfmath@dimen=\dimen180
\pgfmath@count=\count309
\pgfmath@box=\box57
\pgfmath@toks=\toks30
\pgfmath@stack@operand=\toks31
\pgfmath@stack@operation=\toks32
)
(/usr/local/texlive/2025/texmf-dist/tex/generic/pgf/math/pgfmathfunctions.code.
tex)
(/usr/local/texlive/2025/texmf-dist/tex/generic/pgf/math/pgfmathfunctions.basic
.code.tex)
(/usr/local/texlive/2025/texmf-dist/tex/generic/pgf/math/pgfmathfunctions.trigo
nometric.code.tex)
(/usr/local/texlive/2025/texmf-dist/tex/generic/pgf/math/pgfmathfunctions.rando
m.code.tex)
(/usr/local/texlive/2025/texmf-dist/tex/generic/pgf/math/pgfmathfunctions.compa
rison.code.tex)
(/usr/local/texlive/2025/texmf-dist/tex/generic/pgf/math/pgfmathfunctions.base.
code.tex)
(/usr/local/texlive/2025/texmf-dist/tex/generic/pgf/math/pgfmathfunctions.round
.code.tex)
(/usr/local/texlive/2025/texmf-dist/tex/generic/pgf/math/pgfmathfunctions.misc.
code.tex)
(/usr/local/texlive/2025/texmf-dist/tex/generic/pgf/math/pgfmathfunctions.integ
erarithmetics.code.tex)
(/usr/local/texlive/2025/texmf-dist/tex/generic/pgf/math/pgfmathcalc.code.tex)
(/usr/local/texlive/2025/texmf-dist/tex/generic/pgf/math/pgfmathfloat.code.tex
\c@pgfmathroundto@lastzeros=\count310
)) (/usr/local/texlive/2025/texmf-dist/tex/generic/pgf/math/pgfint.code.tex)
(/usr/local/texlive/2025/texmf-dist/tex/generic/pgf/basiclayer/pgfcorepoints.co
de.tex
File: pgfcorepoints.code.tex 2025-08-29 v3.1.11a (3.1.11a)
\pgf@picminx=\dimen181
\pgf@picmaxx=\dimen182
\pgf@picminy=\dimen183
\pgf@picmaxy=\dimen184
\pgf@pathminx=\dimen185
\pgf@pathmaxx=\dimen186
\pgf@pathminy=\dimen187
\pgf@pathmaxy=\dimen188
\pgf@xx=\dimen189
\pgf@xy=\dimen190
\pgf@yx=\dimen191
\pgf@yy=\dimen192
\pgf@zx=\dimen193
\pgf@zy=\dimen194
)
(/usr/local/texlive/2025/texmf-dist/tex/generic/pgf/basiclayer/pgfcorepathconst
ruct.code.tex
File: pgfcorepathconstruct.code.tex 2025-08-29 v3.1.11a (3.1.11a)
\pgf@path@lastx=\dimen195
\pgf@path@lasty=\dimen196
)
(/usr/local/texlive/2025/texmf-dist/tex/generic/pgf/basiclayer/pgfcorepathusage
.code.tex
File: pgfcorepathusage.code.tex 2025-08-29 v3.1.11a (3.1.11a)
\pgf@shorten@end@additional=\dimen197
\pgf@shorten@start@additional=\dimen198
)
(/usr/local/texlive/2025/texmf-dist/tex/generic/pgf/basiclayer/pgfcorescopes.co
de.tex
File: pgfcorescopes.code.tex 2025-08-29 v3.1.11a (3.1.11a)
\pgfpic=\box58
\pgf@hbox=\box59
\pgf@layerbox@main=\box60
\pgf@picture@serial@count=\count311
)
(/usr/local/texlive/2025/texmf-dist/tex/generic/pgf/basiclayer/pgfcoregraphicst
ate.code.tex
File: pgfcoregraphicstate.code.tex 2025-08-29 v3.1.11a (3.1.11a)
\pgflinewidth=\dimen199
)
(/usr/local/texlive/2025/texmf-dist/tex/generic/pgf/basiclayer/pgfcoretransform
ations.code.tex
File: pgfcoretransformations.code.tex 2025-08-29 v3.1.11a (3.1.11a)
\pgf@pt@x=\dimen256
\pgf@pt@y=\dimen257
\pgf@pt@temp=\dimen258
)
(/usr/local/texlive/2025/texmf-dist/tex/generic/pgf/basiclayer/pgfcorequick.cod
e.tex
File: pgfcorequick.code.tex 2025-08-29 v3.1.11a (3.1.11a)
)
(/usr/local/texlive/2025/texmf-dist/tex/generic/pgf/basiclayer/pgfcoreobjects.c
ode.tex
File: pgfcoreobjects.code.tex 2025-08-29 v3.1.11a (3.1.11a)
)
(/usr/local/texlive/2025/texmf-dist/tex/generic/pgf/basiclayer/pgfcorepathproce
ssing.code.tex
File: pgfcorepathprocessing.code.tex 2025-08-29 v3.1.11a (3.1.11a)
)
(/usr/local/texlive/2025/texmf-dist/tex/generic/pgf/basiclayer/pgfcorearrows.co
de.tex
File: pgfcorearrows.code.tex 2025-08-29 v3.1.11a (3.1.11a)
\pgfarrowsep=\dimen259
)
(/usr/local/texlive/2025/texmf-dist/tex/generic/pgf/basiclayer/pgfcoreshade.cod
e.tex
File: pgfcoreshade.code.tex 2025-08-29 v3.1.11a (3.1.11a)
\pgf@max=\dimen260
\pgf@sys@shading@range@num=\count312
\pgf@shadingcount=\count313
)
(/usr/local/texlive/2025/texmf-dist/tex/generic/pgf/basiclayer/pgfcoreimage.cod
e.tex
File: pgfcoreimage.code.tex 2025-08-29 v3.1.11a (3.1.11a)
)
(/usr/local/texlive/2025/texmf-dist/tex/generic/pgf/basiclayer/pgfcoreexternal.
code.tex
File: pgfcoreexternal.code.tex 2025-08-29 v3.1.11a (3.1.11a)
\pgfexternal@startupbox=\box61
)
(/usr/local/texlive/2025/texmf-dist/tex/generic/pgf/basiclayer/pgfcorelayers.co
de.tex
File: pgfcorelayers.code.tex 2025-08-29 v3.1.11a (3.1.11a)
)
(/usr/local/texlive/2025/texmf-dist/tex/generic/pgf/basiclayer/pgfcoretranspare
ncy.code.tex
File: pgfcoretransparency.code.tex 2025-08-29 v3.1.11a (3.1.11a)
)
(/usr/local/texlive/2025/texmf-dist/tex/generic/pgf/basiclayer/pgfcorepatterns.
code.tex
File: pgfcorepatterns.code.tex 2025-08-29 v3.1.11a (3.1.11a)
)
(/usr/local/texlive/2025/texmf-dist/tex/generic/pgf/basiclayer/pgfcorerdf.code.
tex
File: pgfcorerdf.code.tex 2025-08-29 v3.1.11a (3.1.11a)
)))
(/usr/local/texlive/2025/texmf-dist/tex/generic/pgf/modules/pgfmoduleshapes.cod
e.tex
File: pgfmoduleshapes.code.tex 2025-08-29 v3.1.11a (3.1.11a)
\pgfnodeparttextbox=\box62
)
(/usr/local/texlive/2025/texmf-dist/tex/generic/pgf/modules/pgfmoduleplot.code.
tex
File: pgfmoduleplot.code.tex 2025-08-29 v3.1.11a (3.1.11a)
)
(/usr/local/texlive/2025/texmf-dist/tex/latex/pgf/compatibility/pgfcomp-version
-0-65.sty
Package: pgfcomp-version-0-65 2025-08-29 v3.1.11a (3.1.11a)
\pgf@nodesepstart=\dimen261
\pgf@nodesepend=\dimen262
)
(/usr/local/texlive/2025/texmf-dist/tex/latex/pgf/compatibility/pgfcomp-version
-1-18.sty
Package: pgfcomp-version-1-18 2025-08-29 v3.1.11a (3.1.11a)
))
(/usr/local/texlive/2025/texmf-dist/tex/latex/pgf/utilities/pgffor.sty
(/usr/local/texlive/2025/texmf-dist/tex/latex/pgf/utilities/pgfkeys.sty
(/usr/local/texlive/2025/texmf-dist/tex/generic/pgf/utilities/pgfkeys.code.tex))
 (/usr/local/texlive/2025/texmf-dist/tex/latex/pgf/math/pgfmath.sty
(/usr/local/texlive/2025/texmf-dist/tex/generic/pgf/math/pgfmath.code.tex))
(/usr/local/texlive/2025/texmf-dist/tex/generic/pgf/utilities/pgffor.code.tex
Package: pgffor 2025-08-29 v3.1.11a (3.1.11a)
\pgffor@iter=\dimen263
\pgffor@skip=\dimen264
\pgffor@stack=\toks33
\pgffor@toks=\toks34
))
(/usr/local/texlive/2025/texmf-dist/tex/generic/pgf/frontendlayer/tikz/tikz.cod
e.tex
Package: tikz 2025-08-29 v3.1.11a (3.1.11a)

(/usr/local/texlive/2025/texmf-dist/tex/generic/pgf/libraries/pgflibraryplothan
dlers.code.tex
File: pgflibraryplothandlers.code.tex 2025-08-29 v3.1.11a (3.1.11a)
\pgf@plot@mark@count=\count314
\pgfplotmarksize=\dimen265
)
\tikz@lastx=\dimen266
\tikz@lasty=\dimen267
\tikz@lastxsaved=\dimen268
\tikz@lastysaved=\dimen269
\tikz@lastmovetox=\dimen270
\tikz@lastmovetoy=\dimen271
\tikzleveldistance=\dimen272
\tikzsiblingdistance=\dimen273
\tikz@figbox=\box63
\tikz@figbox@bg=\box64
\tikz@tempbox=\box65
\tikz@tempbox@bg=\box66
\tikztreelevel=\count315
\tikznumberofchildren=\count316
\tikznumberofcurrentchild=\count317
\tikz@fig@count=\count318

(/usr/local/texlive/2025/texmf-dist/tex/generic/pgf/modules/pgfmodulematrix.cod
e.tex
File: pgfmodulematrix.code.tex 2025-08-29 v3.1.11a (3.1.11a)
\pgfmatrixcurrentrow=\count319
\pgfmatrixcurrentcolumn=\count320
\pgf@matrix@numberofcolumns=\count321
)
\tikz@expandcount=\count322

(/usr/local/texlive/2025/texmf-dist/tex/generic/pgf/frontendlayer/tikz/librarie
s/tikzlibrarytopaths.code.tex
File: tikzlibrarytopaths.code.tex 2025-08-29 v3.1.11a (3.1.11a)
)))
(/usr/local/texlive/2025/texmf-dist/tex/generic/pgf/libraries/pgflibraryarrows.
meta.code.tex
File: pgflibraryarrows.meta.code.tex 2025-08-29 v3.1.11a (3.1.11a)
\pgfarrowinset=\dimen274
\pgfarrowlength=\dimen275
\pgfarrowwidth=\dimen276
\pgfarrowlinewidth=\dimen277
)
(/usr/local/texlive/2025/texmf-dist/tex/generic/pgf/frontendlayer/tikz/librarie
s/tikzlibrarycalc.code.tex
File: tikzlibrarycalc.code.tex 2025-08-29 v3.1.11a (3.1.11a)
)
(/usr/local/texlive/2025/texmf-dist/tex/generic/pgf/frontendlayer/tikz/librarie
s/tikzlibrarydecorations.pathmorphing.code.tex
(/usr/local/texlive/2025/texmf-dist/tex/generic/pgf/frontendlayer/tikz/librarie
s/tikzlibrarydecorations.code.tex
(/usr/local/texlive/2025/texmf-dist/tex/generic/pgf/modules/pgfmoduledecoration
s.code.tex
\pgfdecoratedcompleteddistance=\dimen278
\pgfdecoratedremainingdistance=\dimen279
\pgfdecoratedinputsegmentcompleteddistance=\dimen280
\pgfdecoratedinputsegmentremainingdistance=\dimen281
\pgf@decorate@distancetomove=\dimen282
\pgf@decorate@repeatstate=\count323
\pgfdecorationsegmentamplitude=\dimen283
\pgfdecorationsegmentlength=\dimen284
)
\tikz@lib@dec@box=\box67
)
(/usr/local/texlive/2025/texmf-dist/tex/generic/pgf/libraries/decorations/pgfli
brarydecorations.pathmorphing.code.tex))

Package fontspec Info: 
(fontspec)             Font family 'EBGaramond(1)' created for font 'EB
(fontspec)             Garamond' with options
(fontspec)             [Ligatures=TeX,Ligatures=Historic,Numbers=OldStyle,RawFe
ature={+liga;+hlig;+dlig},Language=Latin].
(fontspec)              
(fontspec)              This font family consists of the following NFSS
(fontspec)             series/shapes:
(fontspec)              
(fontspec)             - 'normal' (m/n) with NFSS spec.: <->"name:EB
(fontspec)             Garamond:mode=node;script=latn;language=LAT;+tlig;+hlig;
+onum;+liga;+hlig;+dlig;"
(fontspec)             - 'small caps'  (m/sc) with NFSS spec.: <->"name:EB
(fontspec)             Garamond:mode=node;script=latn;language=LAT;+tlig;+hlig;
+onum;+liga;+hlig;+dlig;+smcp;"
(fontspec)             - 'bold' (b/n) with NFSS spec.: <->"name:EB
(fontspec)             Garamond/B:mode=node;script=latn;language=LAT;+tlig;+hli
g;+onum;+liga;+hlig;+dlig;"
(fontspec)             - 'bold small caps'  (b/sc) with NFSS spec.:
(fontspec)             <->"name:EB
(fontspec)             Garamond/B:mode=node;script=latn;language=LAT;+tlig;+hli
g;+onum;+liga;+hlig;+dlig;+smcp;"
(fontspec)             - 'italic' (m/it) with NFSS spec.: <->"name:EB
(fontspec)             Garamond/I:mode=node;script=latn;language=LAT;+tlig;+hli
g;+onum;+liga;+hlig;+dlig;"
(fontspec)             - 'italic small caps'  (m/scit) with NFSS spec.:
(fontspec)             <->"name:EB
(fontspec)             Garamond/I:mode=node;script=latn;language=LAT;+tlig;+hli
g;+onum;+liga;+hlig;+dlig;+smcp;"
(fontspec)             - 'bold italic' (b/it) with NFSS spec.: <->"name:EB
(fontspec)             Garamond/BI:mode=node;script=latn;language=LAT;+tlig;+hl
ig;+onum;+liga;+hlig;+dlig;"
(fontspec)             - 'bold italic small caps'  (b/scit) with NFSS spec.:
(fontspec)             <->"name:EB
(fontspec)             Garamond/BI:mode=node;script=latn;language=LAT;+tlig;+hl
ig;+onum;+liga;+hlig;+dlig;+smcp;"

 (./principia_ratio_entropica_vol4.aux)
\openout1 = principia_ratio_entropica_vol4.aux

LaTeX Font Info:    Checking defaults for OML/cmm/m/it on input line 44.
LaTeX Font Info:    ... okay on input line 44.
LaTeX Font Info:    Checking defaults for OMS/cmsy/m/n on input line 44.
LaTeX Font Info:    ... okay on input line 44.
LaTeX Font Info:    Checking defaults for OT1/cmr/m/n on input line 44.
LaTeX Font Info:    ... okay on input line 44.
LaTeX Font Info:    Checking defaults for T1/cmr/m/n on input line 44.
LaTeX Font Info:    ... okay on input line 44.
LaTeX Font Info:    Checking defaults for TS1/cmr/m/n on input line 44.
LaTeX Font Info:    ... okay on input line 44.
LaTeX Font Info:    Checking defaults for TU/lmr/m/n on input line 44.
LaTeX Font Info:    ... okay on input line 44.
LaTeX Font Info:    Checking defaults for OMX/cmex/m/n on input line 44.
LaTeX Font Info:    ... okay on input line 44.
LaTeX Font Info:    Checking defaults for U/cmr/m/n on input line 44.
LaTeX Font Info:    ... okay on input line 44.
*geometry* driver: auto-detecting
*geometry* detected driver: luatex
*geometry* verbose mode - [ preamble ] result:
* driver: luatex
* paper: <default>
* layout: <same size as paper>
* layoutoffset:(h,v)=(0.0pt,0.0pt)
* modes: 
* h-part:(L,W,R)=(90.3375pt, 433.62001pt, 90.3375pt)
* v-part:(T,H,B)=(90.3375pt, 614.295pt, 90.3375pt)
* \paperwidth=614.295pt
* \paperheight=794.96999pt
* \textwidth=433.62001pt
* \textheight=614.295pt
* \oddsidemargin=18.0675pt
* \evensidemargin=18.0675pt
* \topmargin=-18.9325pt
* \headheight=12.0pt
* \headsep=25.0pt
* \topskip=12.0pt
* \footskip=30.0pt
* \marginparwidth=44.0pt
* \marginparsep=10.0pt
* \columnsep=10.0pt
* \skip\footins=10.8pt plus 4.0pt minus 2.0pt
* \hoffset=0.0pt
* \voffset=0.0pt
* \mag=1000
* \@twocolumnfalse
* \@twosidefalse
* \@mparswitchfalse
* \@reversemarginfalse
* (1in=72.27pt=25.4mm, 1cm=28.453pt)


Package fontspec Info: 
(fontspec)             Adjusting the maths setup (use [no-math] to avoid
(fontspec)             this).

\symlegacymaths=\mathgroup4
LaTeX Font Info:    Overwriting symbol font `legacymaths' in version `bold'
(Font)                  OT1/cmr/m/n --> OT1/cmr/bx/n on input line 44.
LaTeX Font Info:    Redeclaring math accent \acute on input line 44.
LaTeX Font Info:    Redeclaring math accent \grave on input line 44.
LaTeX Font Info:    Redeclaring math accent \ddot on input line 44.
LaTeX Font Info:    Redeclaring math accent \tilde on input line 44.
LaTeX Font Info:    Redeclaring math accent \bar on input line 44.
LaTeX Font Info:    Redeclaring math accent \breve on input line 44.
LaTeX Font Info:    Redeclaring math accent \check on input line 44.
LaTeX Font Info:    Redeclaring math accent \hat on input line 44.
LaTeX Font Info:    Redeclaring math accent \dot on input line 44.
LaTeX Font Info:    Redeclaring math accent \mathring on input line 44.
LaTeX Font Info:    Redeclaring math symbol \colon on input line 44.
LaTeX Font Info:    Redeclaring math symbol \Gamma on input line 44.
LaTeX Font Info:    Redeclaring math symbol \Delta on input line 44.
LaTeX Font Info:    Redeclaring math symbol \Theta on input line 44.
LaTeX Font Info:    Redeclaring math symbol \Lambda on input line 44.
LaTeX Font Info:    Redeclaring math symbol \Xi on input line 44.
LaTeX Font Info:    Redeclaring math symbol \Pi on input line 44.
LaTeX Font Info:    Redeclaring math symbol \Sigma on input line 44.
LaTeX Font Info:    Redeclaring math symbol \Upsilon on input line 44.
LaTeX Font Info:    Redeclaring math symbol \Phi on input line 44.
LaTeX Font Info:    Redeclaring math symbol \Psi on input line 44.
LaTeX Font Info:    Redeclaring math symbol \Omega on input line 44.
LaTeX Font Info:    Redeclaring math symbol \mathdollar on input line 44.
LaTeX Font Info:    Redeclaring symbol font `operators' on input line 44.
LaTeX Font Info:    Encoding `OT1' has changed to `TU' for symbol font
(Font)              `operators' in the math version `normal' on input line 44.
LaTeX Font Info:    Overwriting symbol font `operators' in version `normal'
(Font)                  OT1/cmr/m/n --> TU/EBGaramond(0)/m/n on input line 44.
LaTeX Font Info:    Encoding `OT1' has changed to `TU' for symbol font
(Font)              `operators' in the math version `bold' on input line 44.
LaTeX Font Info:    Overwriting symbol font `operators' in version `bold'
(Font)                  OT1/cmr/bx/n --> TU/EBGaramond(0)/m/n on input line 44.

LaTeX Font Info:    Overwriting symbol font `operators' in version `normal'
(Font)                  TU/EBGaramond(0)/m/n --> TU/EBGaramond(0)/m/n on input 
line 44.
LaTeX Font Info:    Overwriting math alphabet `\mathit' in version `normal'
(Font)                  OT1/cmr/m/it --> TU/EBGaramond(0)/m/it on input line 44
.
LaTeX Font Info:    Overwriting math alphabet `\mathbf' in version `normal'
(Font)                  OT1/cmr/bx/n --> TU/EBGaramond(0)/b/n on input line 44.

LaTeX Font Info:    Overwriting math alphabet `\mathsf' in version `normal'
(Font)                  OT1/cmss/m/n --> TU/lmss/m/n on input line 44.
LaTeX Font Info:    Overwriting math alphabet `\mathtt' in version `normal'
(Font)                  OT1/cmtt/m/n --> TU/lmtt/m/n on input line 44.
LaTeX Font Info:    Overwriting symbol font `operators' in version `bold'
(Font)                  TU/EBGaramond(0)/m/n --> TU/EBGaramond(0)/b/n on input 
line 44.
LaTeX Font Info:    Overwriting math alphabet `\mathit' in version `bold'
(Font)                  OT1/cmr/bx/it --> TU/EBGaramond(0)/b/it on input line 4
4.
LaTeX Font Info:    Overwriting math alphabet `\mathsf' in version `bold'
(Font)                  OT1/cmss/bx/n --> TU/lmss/b/n on input line 44.
LaTeX Font Info:    Overwriting math alphabet `\mathtt' in version `bold'
(Font)                  OT1/cmtt/m/n --> TU/lmtt/b/n on input line 44.
LaTeX Info: Redefining \microtypecontext on input line 44.
Package microtype Info: Applying patch `item' on input line 44.
Package microtype Info: Applying patch `toc' on input line 44.
Package microtype Info: Applying patch `eqnum' on input line 44.
Package microtype Info: Applying patch `footnote' on input line 44.
Package microtype Info: Applying patch `verbatim' on input line 44.
LaTeX Info: Redefining \microtypesetup on input line 44.
Package microtype Info: Generating PDF output.
Package microtype Info: Character protrusion enabled (level 2).
Package microtype Info: Using default protrusion set `alltext'.
Package microtype Info: Automatic font expansion enabled (level 2),
(microtype)             stretch: 20, shrink: 20, step: 1, non-selected.
Package microtype Info: Using default expansion set `alltext-nott'.
Package microtype Info: Patching command `\showhyphens'.
Package microtype Info: No adjustment of tracking.
Package microtype Info: No adjustment of spacing.
Package microtype Info: No adjustment of kerning.
(/usr/local/texlive/2025/texmf-dist/tex/latex/microtype/mt-EBGaramond.cfg
File: mt-EBGaramond.cfg 2021/10/25 v2.0 microtype config. file: EB Garamond / A
dobe Garamond (RS)
)
(/usr/local/texlive/2025/texmf-dist/tex/context/base/mkii/supp-pdf.mkii
[Loading MPS to PDF converter (version 2006.09.02).]
\scratchcounter=\count324
\scratchdimen=\dimen285
\scratchbox=\box68
\nofMPsegments=\count325
\nofMParguments=\count326
\everyMPshowfont=\toks35
\MPscratchCnt=\count327
\MPscratchDim=\dimen286
\MPnumerator=\count328
\makeMPintoPDFobject=\count329
\everyMPtoPDFconversion=\toks36
) (/usr/local/texlive/2025/texmf-dist/tex/latex/epstopdf-pkg/epstopdf-base.sty
Package: epstopdf-base 2020-01-24 v2.11 Base part for package epstopdf
Package epstopdf-base Info: Redefining graphics rule for `.eps' on input line 4
85.

(/usr/local/texlive/2025/texmf-dist/tex/latex/latexconfig/epstopdf-sys.cfg
File: epstopdf-sys.cfg 2010/07/13 v1.3 Configuration of (r)epstopdf for TeX Liv
e
))

Package polyglossia Info: Activating Latin language variant "modern" on line
(polyglossia)             44.


Package polyglossia Info: Activating hyphenation patterns for modern Latin on
(polyglossia)             line 44.


Package polyglossia Info: Activating Latin language variant "modern" on line
(polyglossia)             44.


Package polyglossia Info: Activating hyphenation patterns for modern Latin on
(polyglossia)             line 44.


Package polyglossia Info: Activating Latin language variant "modern" on line
(polyglossia)             44.


Package polyglossia Info: Activating hyphenation patterns for modern Latin on
(polyglossia)             line 44.

Package microtype Info: Character `156' is missing
(microtype)             in font `TU/EBGaramond(1)/m/it/12'.
(microtype)             Ignoring protrusion settings for this character.

Missing character: There is no ✶ (U+2736) in font "name:EB Garamond:mode=node;
script=latn;language=LAT;+tlig;+hlig;+onum;+liga;+hlig;+dlig;"!

! LaTeX Error: There's no line here to end.

See the LaTeX manual or LaTeX Companion for explanation.
Type  H <return>  for immediate help.
 ...                                              
                                                  
l.50 \aster\\
             [0.5em]
? 
Missing character: There is no ✶ (U+2736) in font "name:EB Garamond:mode=node;
script=latn;language=LAT;+tlig;+hlig;+onum;+liga;+hlig;+dlig;"!

! LaTeX Error: There's no line here to end.

See the LaTeX manual or LaTeX Companion for explanation.
Type  H <return>  for immediate help.
 ...                                              
                                                  
l.52 \aster\\
             [0.75em]
? 
Missing character: There is no ☿ (U+263F) in font "name:EB Garamond:mode=node;
script=latn;language=LAT;+tlig;+hlig;+onum;+liga;+hlig;+dlig;"!
Missing character: There is no ✧ (U+2727) in font "name:EB Garamond:mode=node;
script=latn;language=LAT;+tlig;+hlig;+onum;+liga;+hlig;+dlig;"!
Missing character: There is no ☿ (U+263F) in font "name:EB Garamond:mode=node;
script=latn;language=LAT;+tlig;+hlig;+onum;+liga;+hlig;+dlig;"!
Missing character: There is no ✧ (U+2727) in font "name:EB Garamond:mode=node;
script=latn;language=LAT;+tlig;+hlig;+onum;+liga;+hlig;+dlig;"!
Missing character: There is no ✶ (U+2736) in font "name:EB Garamond:mode=node;
script=latn;language=LAT;+tlig;+hlig;+onum;+liga;+hlig;+dlig;"!

! LaTeX Error: There's no line here to end.

See the LaTeX manual or LaTeX Companion for explanation.
Type  H <return>  for immediate help.
 ...                                              
                                                  
l.54 \aster\\
             [0.25em]
? 
LaTeX Font Info:    Font shape `TU/Symbola(0)/m/n' will be
(Font)              scaled to size 19.0081pt on input line 58.
Package microtype Info: Loading generic protrusion settings for font family
(microtype)             `Symbola' (encoding: TU).
(microtype)             For optimal results, create family-specific settings.
(microtype)             See the microtype manual for details.
Missing character: There is no 𒀭 (U+1202D) in font name:Symbola:mode=node;scr
ipt=latn;language=dflt;!
Missing character: There is no 𒀭 (U+1202D) in font name:Symbola:mode=node;scr
ipt=latn;language=dflt;!
Missing character: There is no 𒀭 (U+1202D) in font name:Symbola:mode=node;scr
ipt=latn;language=dflt;!
Package microtype Info: Character `156' is missing
(microtype)             in font `TU/EBGaramond(1)/m/it/14.4'.
(microtype)             Ignoring protrusion settings for this character.
LaTeX Font Info:    Font shape `TU/Symbola(0)/m/n' will be
(Font)              scaled to size 13.20007pt on input line 73.
Missing character: There is no 𒀭 (U+1202D) in font name:Symbola:mode=node;scr
ipt=latn;language=dflt;!
Missing character: There is no 𒀭 (U+1202D) in font name:Symbola:mode=node;scr
ipt=latn;language=dflt;!

LaTeX Font Warning: Font shape `TU/Symbola(0)/m/it' undefined
(Font)              using `TU/Symbola(0)/m/n' instead on input line 75.

LaTeX Font Info:    Font shape `TU/Symbola(0)/m/it' will be
(Font)              scaled to size 13.20007pt on input line 75.
LaTeX Font Info:    Font shape `TU/Symbola(0)/m/n' will be
(Font)              scaled to size 15.84007pt on input line 79.
LaTeX Font Info:    Font shape `TU/Symbola(0)/m/it' will be
(Font)              scaled to size 15.84007pt on input line 79.
Missing character: There is no 𒀭 (U+1202D) in font name:Symbola:mode=node;scr
ipt=latn;language=dflt;!
Missing character: There is no 𒂗 (U+12097) in font name:Symbola:mode=node;scr
ipt=latn;language=dflt;!
Missing character: There is no 𒆤 (U+121A4) in font name:Symbola:mode=node;scr
ipt=latn;language=dflt;!
Missing character: There is no 𒀭 (U+1202D) in font name:Symbola:mode=node;scr
ipt=latn;language=dflt;!
Missing character: There is no 𒀸 (U+12038) in font name:Symbola:mode=node;scr
ipt=latn;language=dflt;!
Missing character: There is no 𒋩 (U+122E9) in font name:Symbola:mode=node;scr
ipt=latn;language=dflt;!
Missing character: There is no 𒀭 (U+1202D) in font name:Symbola:mode=node;scr
ipt=latn;language=dflt;!
Missing character: There is no 𒌓 (U+12313) in font name:Symbola:mode=node;scr
ipt=latn;language=dflt;!
Missing character: There is no 𒀭 (U+1202D) in font name:Symbola:mode=node;scr
ipt=latn;language=dflt;!
Missing character: There is no 𒊬 (U+122AC) in font name:Symbola:mode=node;scr
ipt=latn;language=dflt;!
Missing character: There is no 𒀭 (U+1202D) in font name:Symbola:mode=node;scr
ipt=latn;language=dflt;!
Missing character: There is no 𒂗 (U+12097) in font name:Symbola:mode=node;scr
ipt=latn;language=dflt;!
Missing character: There is no 𒆤 (U+121A4) in font name:Symbola:mode=node;scr
ipt=latn;language=dflt;!
Missing character: There is no 𒀭 (U+1202D) in font name:Symbola:mode=node;scr
ipt=latn;language=dflt;!
Missing character: There is no 𒀸 (U+12038) in font name:Symbola:mode=node;scr
ipt=latn;language=dflt;!
Missing character: There is no 𒋩 (U+122E9) in font name:Symbola:mode=node;scr
ipt=latn;language=dflt;!
Missing character: There is no 𒀭 (U+1202D) in font name:Symbola:mode=node;scr
ipt=latn;language=dflt;!
Missing character: There is no 𒌓 (U+12313) in font name:Symbola:mode=node;scr
ipt=latn;language=dflt;!
Missing character: There is no 𒀭 (U+1202D) in font name:Symbola:mode=node;scr
ipt=latn;language=dflt;!
Missing character: There is no 𒊬 (U+122AC) in font name:Symbola:mode=node;scr
ipt=latn;language=dflt;!
Missing character: There is no 𒀭 (U+1202D) in font name:Symbola:mode=node;scr
ipt=latn;language=dflt;!
Missing character: There is no 𒂗 (U+12097) in font name:Symbola:mode=node;scr
ipt=latn;language=dflt;!
Missing character: There is no 𒆤 (U+121A4) in font name:Symbola:mode=node;scr
ipt=latn;language=dflt;!
Missing character: There is no 𒀭 (U+1202D) in font name:Symbola:mode=node;scr
ipt=latn;language=dflt;!
Missing character: There is no 𒀸 (U+12038) in font name:Symbola:mode=node;scr
ipt=latn;language=dflt;!
Missing character: There is no 𒋩 (U+122E9) in font name:Symbola:mode=node;scr
ipt=latn;language=dflt;!
Missing character: There is no 𒀭 (U+1202D) in font name:Symbola:mode=node;scr
ipt=latn;language=dflt;!
Missing character: There is no 𒌓 (U+12313) in font name:Symbola:mode=node;scr
ipt=latn;language=dflt;!
Missing character: There is no 𒀭 (U+1202D) in font name:Symbola:mode=node;scr
ipt=latn;language=dflt;!
Missing character: There is no 𒊬 (U+122AC) in font name:Symbola:mode=node;scr
ipt=latn;language=dflt;!


[1

{/usr/local/texlive/2025/texmf-var/fonts/map/pdftex/updmap/pdftex.map}
Missing character: There is no ✶ (U+2736) in font "name:EB Garamond:mode=node;
script=latn;language=LAT;+tlig;+hlig;+onum;+liga;+hlig;+dlig;"!
Missing character: There is no ✶ (U+2736) in font "name:EB Garamond:mode=node;
script=latn;language=LAT;+tlig;+hlig;+onum;+liga;+hlig;+dlig;"!
Missing character: There is no ☿ (U+263F) in font "name:EB Garamond:mode=node;
script=latn;language=LAT;+tlig;+hlig;+onum;+liga;+hlig;+dlig;"!
Missing character: There is no ✧ (U+2727) in font "name:EB Garamond:mode=node;
script=latn;language=LAT;+tlig;+hlig;+onum;+liga;+hlig;+dlig;"!
Missing character: There is no ✶ (U+2736) in font "name:EB Garamond:mode=node;
script=latn;language=LAT;+tlig;+hlig;+onum;+liga;+hlig;+dlig;"!
Missing character: There is no 𒀭 (U+1202D) in font name:Symbola:mode=node;scr
ipt=latn;language=dflt;!
Missing character: There is no 𒀭 (U+1202D) in font name:Symbola:mode=node;scr
ipt=latn;language=dflt;!
Missing character: There is no 𒀭 (U+1202D) in font name:Symbola:mode=node;scr
ipt=latn;language=dflt;!
Missing character: There is no 𒀭 (U+1202D) in font name:Symbola:mode=node;scr
ipt=latn;language=dflt;!
Missing character: There is no 𒀭 (U+1202D) in font name:Symbola:mode=node;scr
ipt=latn;language=dflt;!
Missing character: There is no 𒂗 (U+12097) in font name:Symbola:mode=node;scr
ipt=latn;language=dflt;!
Missing character: There is no 𒆤 (U+121A4) in font name:Symbola:mode=node;scr
ipt=latn;language=dflt;!
Missing character: There is no 𒀭 (U+1202D) in font name:Symbola:mode=node;scr
ipt=latn;language=dflt;!
Missing character: There is no 𒀸 (U+12038) in font name:Symbola:mode=node;scr
ipt=latn;language=dflt;!
Missing character: There is no 𒋩 (U+122E9) in font name:Symbola:mode=node;scr
ipt=latn;language=dflt;!
Missing character: There is no 𒀭 (U+1202D) in font name:Symbola:mode=node;scr
ipt=latn;language=dflt;!
Missing character: There is no 𒌓 (U+12313) in font name:Symbola:mode=node;scr
ipt=latn;language=dflt;!
Missing character: There is no 𒀭 (U+1202D) in font name:Symbola:mode=node;scr
ipt=latn;language=dflt;!
Missing character: There is no 𒊬 (U+122AC) in font name:Symbola:mode=node;scr
ipt=latn;language=dflt;!
]
Missing character: There is no 𒀭 (U+1202D) in font name:Symbola:mode=node;scr
ipt=latn;language=dflt;!
Missing character: There is no 𒀭 (U+1202D) in font name:Symbola:mode=node;scr
ipt=latn;language=dflt;!
Missing character: There is no 𒀭 (U+1202D) in font name:Symbola:mode=node;scr
ipt=latn;language=dflt;!
Missing character: There is no 𒀭 (U+1202D) in font name:Symbola:mode=node;scr
ipt=latn;language=dflt;!
Missing character: There is no 𒀭 (U+1202D) in font name:Symbola:mode=node;scr
ipt=latn;language=dflt;!
Missing character: There is no 𒀭 (U+1202D) in font name:Symbola:mode=node;scr
ipt=latn;language=dflt;!
LaTeX Font Info:    Font shape `TU/Symbola(0)/m/sc' will be
(Font)              scaled to size 19.0081pt on input line 101.
Missing character: There is no 𒀭 (U+1202D) in font name:Symbola:mode=node;scr
ipt=latn;language=dflt;!
LaTeX Font Info:    External font `cmex10' loaded for size
(Font)              <12> on input line 111.
LaTeX Font Info:    External font `cmex10' loaded for size
(Font)              <8> on input line 111.
LaTeX Font Info:    External font `cmex10' loaded for size
(Font)              <6> on input line 111.
(/usr/local/texlive/2025/texmf-dist/tex/latex/microtype/mt-cmr.cfg
File: mt-cmr.cfg 2013/05/19 v2.2 microtype config. file: Computer Modern Roman 
(RS)
)
LaTeX Font Info:    Font shape `TU/Symbola(0)/m/n' will be
(Font)              scaled to size 12.04506pt on input line 128.
Package microtype Info: Character `156' is missing
(microtype)             in font `TU/EBGaramond(1)/m/it/10.95'.
(microtype)             Ignoring protrusion settings for this character.


[2
Missing character: There is no 𒀭 (U+1202D) in font name:Symbola:mode=node;scr
ipt=latn;language=dflt;!
Missing character: There is no 𒀭 (U+1202D) in font name:Symbola:mode=node;scr
ipt=latn;language=dflt;!
Missing character: There is no 𒀭 (U+1202D) in font name:Symbola:mode=node;scr
ipt=latn;language=dflt;!
Missing character: There is no 𒀭 (U+1202D) in font name:Symbola:mode=node;scr
ipt=latn;language=dflt;!
]
Missing character: There is no 𒀭 (U+1202D) in font name:Symbola:mode=node;scr
ipt=latn;language=dflt;!
Missing character: There is no 𒀭 (U+1202D) in font name:Symbola:mode=node;scr
ipt=latn;language=dflt;!


[3
Missing character: There is no 𒀭 (U+1202D) in font name:Symbola:mode=node;scr
ipt=latn;language=dflt;!
Missing character: There is no 𒀭 (U+1202D) in font name:Symbola:mode=node;scr
ipt=latn;language=dflt;!
]
! Undefined control sequence.
l.181 ...=0$ dat Euler–Lagrange $\kappa''+\tfrac
                                                  12\kappa^3=\text{const.}$,...
? 
! Undefined control sequence.
l.181 ...Lagrange $\kappa''+\tfrac12\kappa^3=\text
                                                  {const.}$, unde linea rect...
? 
Missing character: There is no 𒀭 (U+1202D) in font name:Symbola:mode=node;scr
ipt=latn;language=dflt;!
Missing character: There is no 𒀭 (U+1202D) in font name:Symbola:mode=node;scr
ipt=latn;language=dflt;!
LaTeX Font Info:    Font shape `TU/Symbola(0)/m/it' will be
(Font)              scaled to size 8.80005pt on input line 200.
Missing character: There is no 𒀭 (U+1202D) in font name:Symbola:mode=node;scr
ipt=latn;language=dflt;!
Missing character: There is no 𒂗 (U+12097) in font name:Symbola:mode=node;scr
ipt=latn;language=dflt;!
Missing character: There is no 𒆤 (U+121A4) in font name:Symbola:mode=node;scr
ipt=latn;language=dflt;!
Missing character: There is no 𒀭 (U+1202D) in font name:Symbola:mode=node;scr
ipt=latn;language=dflt;!
Missing character: There is no 𒌓 (U+12313) in font name:Symbola:mode=node;scr
ipt=latn;language=dflt;!
Missing character: There is no 𒑖 (U+12456) in font name:Symbola:mode=node;scr
ipt=latn;language=dflt;!
Missing character: There is no 𒀭 (U+1202D) in font name:Symbola:mode=node;scr
ipt=latn;language=dflt;!
Missing character: There is no 𒂗 (U+12097) in font name:Symbola:mode=node;scr
ipt=latn;language=dflt;!
Missing character: There is no 𒆤 (U+121A4) in font name:Symbola:mode=node;scr
ipt=latn;language=dflt;!
Missing character: There is no 𒀭 (U+1202D) in font name:Symbola:mode=node;scr
ipt=latn;language=dflt;!
Missing character: There is no 𒌓 (U+12313) in font name:Symbola:mode=node;scr
ipt=latn;language=dflt;!
Missing character: There is no 𒑖 (U+12456) in font name:Symbola:mode=node;scr
ipt=latn;language=dflt;!
Missing character: There is no 𒀭 (U+1202D) in font name:Symbola:mode=node;scr
ipt=latn;language=dflt;!
Missing character: There is no 𒀭 (U+1202D) in font name:Symbola:mode=node;scr
ipt=latn;language=dflt;!

! LaTeX Error: There's no line here to end.

See the LaTeX manual or LaTeX Companion for explanation.
Type  H <return>  for immediate help.
 ...                                              
                                                  
l.205 \dingir\\
               [0.5em]
? 
Missing character: There is no 𒀭 (U+1202D) in font name:Symbola:mode=node;scr
ipt=latn;language=dflt;!
Missing character: There is no 𒀭 (U+1202D) in font name:Symbola:mode=node;scr
ipt=latn;language=dflt;!


[4
Missing character: There is no 𒀭 (U+1202D) in font name:Symbola:mode=node;scr
ipt=latn;language=dflt;!
Missing character: There is no 𒀭 (U+1202D) in font name:Symbola:mode=node;scr
ipt=latn;language=dflt;!
Missing character: There is no 𒀭 (U+1202D) in font name:Symbola:mode=node;scr
ipt=latn;language=dflt;!
Missing character: There is no 𒂗 (U+12097) in font name:Symbola:mode=node;scr
ipt=latn;language=dflt;!
Missing character: There is no 𒆤 (U+121A4) in font name:Symbola:mode=node;scr
ipt=latn;language=dflt;!
Missing character: There is no 𒀭 (U+1202D) in font name:Symbola:mode=node;scr
ipt=latn;language=dflt;!
Missing character: There is no 𒌓 (U+12313) in font name:Symbola:mode=node;scr
ipt=latn;language=dflt;!
Missing character: There is no 𒑖 (U+12456) in font name:Symbola:mode=node;scr
ipt=latn;language=dflt;!
Missing character: There is no 𒀭 (U+1202D) in font name:Symbola:mode=node;scr
ipt=latn;language=dflt;!
Missing character: There is no 𒀭 (U+1202D) in font name:Symbola:mode=node;scr
ipt=latn;language=dflt;!
Missing character: There is no 𒀭 (U+1202D) in font name:Symbola:mode=node;scr
ipt=latn;language=dflt;!
] (./principia_ratio_entropica_vol4.aux)
 ***********
LaTeX2e <2025-06-01> patch level 1
L3 programming layer <2025-09-02>
 ***********


LaTeX Font Warning: Some font shapes were not available, defaults substituted.

)

Here is how much of LuaTeX's memory you used:
 20507 strings out of 476291
 125086,953878 words of node,token memory allocated
 596 words of node memory still in use:
   4 hlist, 1 vlist, 1 rule, 1 local_par, 6 glue, 5 kern, 2 penalty, 3 glyph, 10
 attribute, 66 glue_spec, 10 attribute_list, 2 write nodes
   avail lists: 1:2,2:1228,3:640,4:68,5:195,6:33,7:3328,8:28,9:275,10:12,11:433
 42255 multiletter control sequences out of 65536+600000
 74 fonts using 36538631 bytes
 102i,6n,101p,1218b,749s stack positions out of 10000i,1000n,20000p,200000b,200000s
</usr/local/texlive/2025/texmf-dist/fonts/opentype/public/ebgaramond/EBGaramond-
Bold.otf></usr/share/fonts/truetype/ancient-scripts/Symbola_hint.ttf></usr/local
/texlive/2025/texmf-dist/fonts/opentype/public/ebgaramond/EBGaramond-Italic.otf>
</usr/local/texlive/2025/texmf-dist/fonts/opentype/public/ebgaramond/EBGaramond-
Regular.otf></usr/local/texlive/2025/texmf-dist/fonts/type1/public/amsfonts/cm/c
mex10.pfb></usr/local/texlive/2025/texmf-dist/fonts/type1/public/amsfonts/cm/cmm
i12.pfb></usr/local/texlive/2025/texmf-dist/fonts/type1/public/amsfonts/cm/cmmi8
.pfb></usr/local/texlive/2025/texmf-dist/fonts/type1/public/amsfonts/cm/cmr12.pf
b></usr/local/texlive/2025/texmf-dist/fonts/type1/public/amsfonts/cm/cmr8.pfb></
usr/local/texlive/2025/texmf-dist/fonts/type1/public/amsfonts/cm/cmsy10.pfb></us
r/local/texlive/2025/texmf-dist/fonts/type1/public/amsfonts/cm/cmsy6.pfb></usr/l
ocal/texlive/2025/texmf-dist/fonts/type1/public/amsfonts/cm/cmsy8.pfb>
Output written on principia_ratio_entropica_vol4.pdf (4 pages, 112289 bytes).

PDF statistics: 80 PDF objects out of 1000 (max. 8388607)
 53 compressed objects within 1 object stream
 0 named destinations out of 1000 (max. 131072)
 16 words of extra memory for PDF output out of 10000 (max. 100000000)

